2022-04-06 16:54:39 INFO     LOADING SETUP PREFERENCES
2022-04-06 16:54:39 INFO     OPENING PROGRAM COUNTER AND CLIENT LOG
2022-04-06 16:54:39 INFO     PREFERENCES LOADED SUCCESSFULLY
2022-04-06 16:54:39 INFO     STARTING REFRESH THREAD
2022-04-06 16:54:39 INFO     THREAD STARTED
2022-04-06 16:54:39 INFO     PROGRAM RUNNING
2022-04-06 16:55:16 INFO     **********************STATUS:OK**********************
2022-04-06 16:55:16 INFO     MESSAGE SENT THROUGH PoeWhisper TO Eslam Allam
2022-04-06 16:55:16 INFO     MESSAGE: @From OgaBoooooga: hey


2022-04-06 16:55:53 INFO     **********************STATUS:OK**********************
2022-04-06 16:55:53 INFO     MESSAGE SENT THROUGH PoeWhisper TO Eslam Allam
2022-04-06 16:55:53 INFO     MESSAGE: @From OgaBoooooga: hey


2022-04-06 16:56:08 INFO     **********************STATUS:OK**********************
2022-04-06 16:56:08 INFO     MESSAGE SENT THROUGH PoeWhisper TO Eslam Allam
2022-04-06 16:56:08 INFO     MESSAGE: @From OgaBoooooga: wussup


2022-04-06 16:56:30 INFO     **********************STATUS:OK**********************
2022-04-06 16:56:30 INFO     MESSAGE SENT THROUGH PoeWhisper TO Eslam Allam
2022-04-06 16:56:30 INFO     MESSAGE: @From OgaBoooooga: how ya doin


2022-04-06 16:56:55 INFO     KILLING THREAD
2022-04-06 16:56:55 INFO     PROGRAM TERMINATED
2022-04-06 17:47:00 INFO     LOADING SETUP PREFERENCES
2022-04-06 17:47:00 INFO     OPENING PROGRAM COUNTER AND CLIENT LOG
2022-04-06 17:47:00 INFO     PREFERENCES LOADED SUCCESSFULLY
2022-04-06 17:47:00 INFO     STARTING REFRESH THREAD
2022-04-06 17:47:00 INFO     THREAD STARTED
2022-04-06 17:47:00 INFO     PROGRAM RUNNING
2022-04-06 17:47:18 INFO     KILLING THREAD
2022-04-06 17:47:18 ERROR    PROGRAM TERMINATED WITHOUT INTERRUPT [WinError 5] Access is denied
2022-04-06 17:47:18 INFO     PROGRAM TERMINATED
2022-04-06 17:47:33 INFO     LOADING SETUP PREFERENCES
2022-04-06 17:47:33 INFO     OPENING PROGRAM COUNTER AND CLIENT LOG
2022-04-06 17:47:33 INFO     PREFERENCES LOADED SUCCESSFULLY
2022-04-06 17:47:33 INFO     STARTING REFRESH THREAD
2022-04-06 17:47:33 INFO     THREAD STARTED
2022-04-06 17:47:33 INFO     PROGRAM RUNNING
2022-04-06 17:47:49 INFO     **********************STATUS:OK**********************
2022-04-06 17:47:49 INFO     MESSAGE SENT THROUGH PoeWhisper TO Eslam Allam
2022-04-06 17:47:49 INFO     MESSAGE: @From OgaBoooooga: HELLOOO


2022-04-06 17:48:01 INFO     KILLING THREAD
2022-04-06 17:48:01 INFO     PROGRAM TERMINATED
2022-04-06 17:54:23 INFO     LOADING SETUP PREFERENCES
2022-04-06 17:54:23 INFO     OPENING PROGRAM COUNTER AND CLIENT LOG
2022-04-06 17:54:23 INFO     PREFERENCES LOADED SUCCESSFULLY
2022-04-06 17:54:23 INFO     STARTING REFRESH THREAD
2022-04-06 17:54:23 INFO     THREAD STARTED
2022-04-06 17:54:23 INFO     PROGRAM RUNNING
2022-04-06 17:54:30 INFO     KILLING THREAD
2022-04-06 17:54:30 INFO     PROGRAM TERMINATED
2022-04-06 17:55:07 INFO     LOADING SETUP PREFERENCES
2022-04-06 17:55:07 INFO     OPENING PROGRAM COUNTER AND CLIENT LOG
2022-04-06 17:55:07 INFO     PREFERENCES LOADED SUCCESSFULLY
2022-04-06 17:55:07 INFO     STARTING REFRESH THREAD
2022-04-06 17:55:07 INFO     THREAD STARTED
2022-04-06 17:55:07 INFO     PROGRAM RUNNING
2022-04-06 17:58:27 INFO     KILLING THREAD
2022-04-06 17:58:27 INFO     PROGRAM TERMINATED
2022-04-06 17:58:30 INFO     LOADING SETUP PREFERENCES
2022-04-06 17:58:30 INFO     OPENING PROGRAM COUNTER AND CLIENT LOG
2022-04-06 17:58:30 INFO     PREFERENCES LOADED SUCCESSFULLY
2022-04-06 17:58:30 INFO     STARTING REFRESH THREAD
2022-04-06 17:58:30 INFO     THREAD STARTED
2022-04-06 17:58:30 INFO     PROGRAM RUNNING
2022-04-06 17:58:46 INFO     KILLING THREAD
2022-04-06 17:58:46 INFO     PROGRAM TERMINATED
2022-04-06 17:58:49 INFO     LOADING SETUP PREFERENCES
2022-04-06 17:58:49 INFO     OPENING PROGRAM COUNTER AND CLIENT LOG
2022-04-06 17:58:49 INFO     PREFERENCES LOADED SUCCESSFULLY
2022-04-06 17:58:49 INFO     STARTING REFRESH THREAD
2022-04-06 17:58:49 INFO     THREAD STARTED
2022-04-06 17:58:49 INFO     PROGRAM RUNNING
2022-04-06 17:58:55 INFO     KILLING THREAD
2022-04-06 17:58:55 INFO     PROGRAM TERMINATED
2022-04-06 18:33:50 INFO     LOADING SETUP PREFERENCES
2022-04-06 18:33:50 INFO     OPENING PROGRAM COUNTER AND CLIENT LOG
2022-04-06 18:33:50 INFO     PREFERENCES LOADED SUCCESSFULLY
2022-04-06 18:33:50 INFO     STARTING REFRESH THREAD
2022-04-06 18:33:50 INFO     THREAD STARTED
2022-04-06 18:33:50 INFO     PROGRAM RUNNING
2022-04-06 18:33:52 INFO     KILLING THREAD
2022-04-06 18:33:52 INFO     PROGRAM TERMINATED
2022-04-06 18:34:01 INFO     LOADING SETUP PREFERENCES
2022-04-06 18:34:01 WARNING  SETUP FILE DOES NOT EXIST! CREATING SETUP FILE
2022-04-06 18:35:41 INFO     PROGRAM TERMINATED
2022-04-06 18:35:41 INFO     PROGRAM TERMINATED
2022-04-06 18:35:46 INFO     LOADING SETUP PREFERENCES
2022-04-06 18:35:46 WARNING  SETUP FILE DOES NOT EXIST! CREATING SETUP FILE
2022-04-06 18:36:13 INFO     CREATING SETUP FILE
2022-04-06 18:36:13 INFO     SETUP FILE CREATED SUCCESSFULLY
2022-04-06 18:36:13 INFO     OPENING PROGRAM COUNTER AND CLIENT LOG
2022-04-06 18:36:13 INFO     PREFERENCES LOADED SUCCESSFULLY
2022-04-06 18:36:13 INFO     STARTING REFRESH THREAD
2022-04-06 18:36:13 INFO     THREAD STARTED
2022-04-06 18:36:13 INFO     PROGRAM RUNNING
2022-04-06 18:37:03 INFO     **********************STATUS:OK**********************
2022-04-06 18:37:03 INFO     MESSAGE SENT THROUGH PoeWhisper TO Eslam Allam
2022-04-06 18:37:03 INFO     MESSAGE: @From OgaBoooooga: hey


2022-04-06 18:37:38 INFO     KILLING THREAD
2022-04-06 18:37:38 INFO     PROGRAM TERMINATED
2022-04-06 18:37:49 INFO     LOADING SETUP PREFERENCES
2022-04-06 18:37:49 INFO     OPENING PROGRAM COUNTER AND CLIENT LOG
2022-04-06 18:37:49 INFO     PREFERENCES LOADED SUCCESSFULLY
2022-04-06 18:37:49 INFO     STARTING REFRESH THREAD
2022-04-06 18:37:49 INFO     THREAD STARTED
2022-04-06 18:37:49 INFO     PROGRAM RUNNING
2022-04-06 18:37:55 INFO     **********************STATUS:OK**********************
2022-04-06 18:37:55 INFO     MESSAGE SENT THROUGH PoeWhisper TO Eslam Allam
2022-04-06 18:37:55 INFO     MESSAGE: @From OgaBoooooga: hey


2022-04-06 18:38:03 INFO     KILLING THREAD
2022-04-06 18:38:03 INFO     PROGRAM TERMINATED
2022-04-06 18:38:31 INFO     LOADING SETUP PREFERENCES
2022-04-06 18:38:31 INFO     OPENING PROGRAM COUNTER AND CLIENT LOG
2022-04-06 18:38:31 INFO     PREFERENCES LOADED SUCCESSFULLY
2022-04-06 18:38:31 INFO     STARTING REFRESH THREAD
2022-04-06 18:38:31 INFO     THREAD STARTED
2022-04-06 18:38:31 INFO     PROGRAM RUNNING
2022-04-06 18:39:01 INFO     **********************STATUS:NO OK**********************
2022-04-06 18:39:01 INFO     MESSAGE NOT SENT!! PLEASE CHECK BOT PARAMETERS OR CHAT ID
2022-04-06 18:39:10 INFO     KILLING THREAD
2022-04-06 18:39:10 INFO     PROGRAM TERMINATED
2022-04-06 18:39:27 INFO     LOADING SETUP PREFERENCES
2022-04-06 18:39:27 INFO     OPENING PROGRAM COUNTER AND CLIENT LOG
2022-04-06 18:39:27 INFO     PREFERENCES LOADED SUCCESSFULLY
2022-04-06 18:39:27 INFO     STARTING REFRESH THREAD
2022-04-06 18:39:27 INFO     THREAD STARTED
2022-04-06 18:39:27 INFO     PROGRAM RUNNING
2022-04-06 18:39:33 INFO     **********************STATUS:OK**********************
2022-04-06 18:39:33 INFO     MESSAGE SENT THROUGH PoeWhisper TO Eslam Allam
2022-04-06 18:39:33 INFO     MESSAGE: @From OgaBoooooga: hey


2022-04-06 18:39:40 INFO     KILLING THREAD
2022-04-06 18:39:40 INFO     PROGRAM TERMINATED
2022-04-06 19:32:10 INFO     LOADING SETUP PREFERENCES
2022-04-06 19:32:10 INFO     OPENING PROGRAM COUNTER AND CLIENT LOG
2022-04-06 19:32:10 INFO     PREFERENCES LOADED SUCCESSFULLY
2022-04-06 19:32:10 INFO     STARTING REFRESH THREAD
2022-04-06 19:32:10 INFO     THREAD STARTED
2022-04-06 19:32:10 INFO     PROGRAM RUNNING
2022-04-06 19:32:44 INFO     **********************STATUS:OK**********************
2022-04-06 19:32:44 INFO     MESSAGE SENT THROUGH PoeWhisper TO Eslam Allam
2022-04-06 19:32:44 INFO     MESSAGE: @From OgaBoooooga: hey


2022-04-06 19:34:42 INFO     KILLING THREAD
2022-04-06 19:34:42 INFO     PROGRAM TERMINATED
